<?xml version="1.0" encoding="UTF-8"?>
<!-- Generated by org.testng.reporters.JUnitReportReporter -->
<testsuite hostname="DESKTOP-ST1T949" failures="0" tests="1" name="Cucumber.TestRunner" time="5.853" errors="0" timestamp="2024-07-15T22:35:55 IST" skipped="0">
  <testcase classname="Cucumber.TestRunner" name="runScenario" time="5.853"/>
</testsuite> <!-- Cucumber.TestRunner -->
