<?xml version="1.0" encoding="UTF-8"?>
<!-- Generated by org.testng.reporters.JUnitReportReporter -->
<testsuite hostname="DESKTOP-ST1T949" failures="0" tests="3" name="rsa.pageobjects.RsaCode" time="24.727" errors="0" timestamp="2024-07-05T19:20:39 IST" skipped="0">
  <testcase classname="rsa.pageobjects.RsaCode" name="SubmitOrder" time="13.652"/>
  <testcase classname="rsa.pageobjects.RsaCode" name="verifyOrder" time="2.825"/>
  <testcase classname="rsa.pageobjects.RsaCode" name="SubmitOrder" time="8.250"/>
</testsuite> <!-- rsa.pageobjects.RsaCode -->
